[vagrant@zfs ~]$ ls -l
total 7108
-rw-r--r--. 1 root root 7275140 May 15  2020 archive.tar.gz
[vagrant@zfs ~]$ 
[vagrant@zfs ~]$ 
[vagrant@zfs ~]$ tar -xzvf archive.tar.gz
zpoolexport/
zpoolexport/filea
zpoolexport/fileb
[vagrant@zfs ~]$ 
[vagrant@zfs ~]$ 
[vagrant@zfs ~]$ ls -l
total 7108
-rw-r--r--. 1 root    root    7275140 May 15  2020 archive.tar.gz
drwxr-xr-x. 2 vagrant vagrant      32 May 15  2020 zpoolexport
[vagrant@zfs ~]$ 
[vagrant@zfs ~]$ 
[vagrant@zfs ~]$ sudo zpool import -d zpoolexport/ otus
[vagrant@zfs ~]$ 
[vagrant@zfs ~]$ 
[vagrant@zfs ~]$ zfs get available otus
NAME  PROPERTY   VALUE  SOURCE
otus  available  350M   -
[vagrant@zfs ~]$ 
[vagrant@zfs ~]$ 
[vagrant@zfs ~]$ zfs get type otus
NAME  PROPERTY  VALUE       SOURCE
otus  type      filesystem  -
[vagrant@zfs ~]$ 
[vagrant@zfs ~]$ 
[vagrant@zfs ~]$ zfs get recordsize otus
NAME  PROPERTY    VALUE    SOURCE
otus  recordsize  128K     local
[vagrant@zfs ~]$ 
[vagrant@zfs ~]$ 
[vagrant@zfs ~]$ zfs get compression otus
NAME  PROPERTY     VALUE     SOURCE
otus  compression  zle       local
[vagrant@zfs ~]$ 
[vagrant@zfs ~]$ 
[vagrant@zfs ~]$ zfs get checksum otus
NAME  PROPERTY  VALUE      SOURCE
otus  checksum  sha256     local


