[vagrant@zfs ~]$ zfs get all | grep compression
otus1  compression           lzjb                   local
otus2  compression           lz4                    local
otus3  compression           gzip-9                 local
otus4  compression           zle                    local
[vagrant@zfs ~]$ 
[vagrant@zfs ~]$ 
[vagrant@zfs ~]$ ls -l /otus*
/otus1:
total 22054
-rw-r--r--. 1 root root 40960747 Aug  2 08:09 pg2600.converter.log
/otus2:
total 17988
-rw-r--r--. 1 root root 40960747 Aug  2 08:09 pg2600.converter.log
/otus3:
total 10957
-rw-r--r--. 1 root root 40960747 Aug  2 08:09 pg2600.converter.log
/otus4:
total 40029
-rw-r--r--. 1 root root 40960747 Aug  2 08:09 pg2600.converter.log
[vagrant@zfs ~]$ 
[vagrant@zfs ~]$ 
[vagrant@zfs ~]$ zfs list
NAME    USED  AVAIL     REFER  MOUNTPOINT
otus1  21.6M   330M     21.6M  /otus1
otus2  17.7M   334M     17.6M  /otus2
otus3  10.8M   341M     10.7M  /otus3
otus4  39.2M   313M     39.1M  /otus4
[vagrant@zfs ~]$ 
[vagrant@zfs ~]$ 
[vagrant@zfs ~]$ zfs get all | grep compressratio | grep -v ref
otus1  compressratio         1.81x                  -
otus2  compressratio         2.22x                  -
otus3  compressratio         3.65x                  -
otus4  compressratio         1.00x                  -

