mikael@hackbook 07_ansible % 
mikael@hackbook 07_ansible % 
mikael@hackbook 07_ansible % ansible -i ansible/inventory nginx -m ping
nginx | SUCCESS => {
    "ansible_facts": {
        "discovered_interpreter_python": "/usr/bin/python3"
    },
    "changed": false,
    "ping": "pong"
}
mikael@hackbook 07_ansible % 
mikael@hackbook 07_ansible %
mikael@hackbook 07_ansible % ansible-playbook -i ansible/inventory ansible/playbook.yml 

PLAY [Nginx] ***************************************************************************************************************************

TASK [NGINX | Cache Update] ************************************************************************************************************
ok: [nginx]

TASK [NGINX | Install Nginx] ***********************************************************************************************************
changed: [nginx]

TASK [NGINX | Create Nginx config from template] ***************************************************************************************
changed: [nginx]

RUNNING HANDLER [restart nginx] ********************************************************************************************************
changed: [nginx]

RUNNING HANDLER [reload nginx] *********************************************************************************************************
changed: [nginx]

PLAY RECAP *****************************************************************************************************************************
nginx                      : ok=5    changed=4    unreachable=0    failed=0    skipped=0    rescued=0    ignored=0   

mikael@hackbook 07_ansible % 
mikael@hackbook 07_ansible % 
