Bringing machine 'nfss' up with 'virtualbox' provider...
Bringing machine 'nfsc' up with 'virtualbox' provider...
==> nfss: Importing base box 'bento/ubuntu-22.04'...
==> nfss: Matching MAC address for NAT networking...
==> nfss: Checking if box 'bento/ubuntu-22.04' version '202303.13.0' is up to date...
==> nfss: Setting the name of the VM: 06_nfs_fuse_nfss_1692565242059_94108
==> nfss: Clearing any previously set network interfaces...
==> nfss: Preparing network interfaces based on configuration...
    nfss: Adapter 1: nat
    nfss: Adapter 2: intnet
==> nfss: Forwarding ports...
    nfss: 22 (guest) => 2222 (host) (adapter 1)
==> nfss: Running 'pre-boot' VM customizations...
==> nfss: Booting VM...
==> nfss: Waiting for machine to boot. This may take a few minutes...
    nfss: SSH address: 127.0.0.1:2222
    nfss: SSH username: vagrant
    nfss: SSH auth method: private key
    nfss: Warning: Connection reset. Retrying...
    nfss: 
    nfss: Vagrant insecure key detected. Vagrant will automatically replace
    nfss: this with a newly generated keypair for better security.
    nfss: 
    nfss: Inserting generated public key within guest...
    nfss: Removing insecure key from the guest if it's present...
    nfss: Key inserted! Disconnecting and reconnecting using new SSH key...
==> nfss: Machine booted and ready!
==> nfss: Setting hostname...
==> nfss: Configuring and enabling network interfaces...
==> nfss: Running provisioner: shell...
    nfss: Running: /var/folders/h5/zrw9d_2s5pz_2qhzmq92cjjc0000gp/T/vagrant-shell20230821-9393-ag99f6.sh
    nfss: 
    nfss: WARNING: apt does not have a stable CLI interface. Use with caution in scripts.
    nfss: 
    nfss: Hit:1 http://us.archive.ubuntu.com/ubuntu jammy InRelease
    nfss: Get:2 http://us.archive.ubuntu.com/ubuntu jammy-updates InRelease [119 kB]
    nfss: Get:3 http://us.archive.ubuntu.com/ubuntu jammy-backports InRelease [109 kB]
    nfss: Get:4 http://us.archive.ubuntu.com/ubuntu jammy-security InRelease [110 kB]
    nfss: Get:5 http://us.archive.ubuntu.com/ubuntu jammy-updates/main amd64 Packages [894 kB]
    nfss: Get:6 http://us.archive.ubuntu.com/ubuntu jammy-updates/main Translation-en [214 kB]
    nfss: Get:7 http://us.archive.ubuntu.com/ubuntu jammy-updates/restricted amd64 Packages [714 kB]
    nfss: Get:8 http://us.archive.ubuntu.com/ubuntu jammy-updates/restricted Translation-en [114 kB]
    nfss: Get:9 http://us.archive.ubuntu.com/ubuntu jammy-updates/universe amd64 Packages [969 kB]
    nfss: Get:10 http://us.archive.ubuntu.com/ubuntu jammy-updates/universe Translation-en [211 kB]
    nfss: Get:11 http://us.archive.ubuntu.com/ubuntu jammy-updates/multiverse amd64 Packages [41.6 kB]
    nfss: Get:12 http://us.archive.ubuntu.com/ubuntu jammy-updates/multiverse Translation-en [9,768 B]
    nfss: Get:13 http://us.archive.ubuntu.com/ubuntu jammy-backports/main amd64 Packages [40.8 kB]
    nfss: Get:14 http://us.archive.ubuntu.com/ubuntu jammy-backports/main Translation-en [10.2 kB]
    nfss: Get:15 http://us.archive.ubuntu.com/ubuntu jammy-backports/universe amd64 Packages [22.3 kB]
    nfss: Get:16 http://us.archive.ubuntu.com/ubuntu jammy-backports/universe Translation-en [15.4 kB]
    nfss: Get:17 http://us.archive.ubuntu.com/ubuntu jammy-security/main amd64 Packages [680 kB]
    nfss: Get:18 http://us.archive.ubuntu.com/ubuntu jammy-security/main Translation-en [155 kB]
    nfss: Get:19 http://us.archive.ubuntu.com/ubuntu jammy-security/restricted amd64 Packages [694 kB]
    nfss: Get:20 http://us.archive.ubuntu.com/ubuntu jammy-security/restricted Translation-en [110 kB]
    nfss: Get:21 http://us.archive.ubuntu.com/ubuntu jammy-security/universe amd64 Packages [770 kB]
    nfss: Get:22 http://us.archive.ubuntu.com/ubuntu jammy-security/universe Translation-en [140 kB]
    nfss: Get:23 http://us.archive.ubuntu.com/ubuntu jammy-security/multiverse amd64 Packages [36.5 kB]
    nfss: Get:24 http://us.archive.ubuntu.com/ubuntu jammy-security/multiverse Translation-en [7,060 B]
    nfss: Fetched 6,187 kB in 8s (796 kB/s)
    nfss: Reading package lists...
    nfss: Building dependency tree...
    nfss: Reading state information...
    nfss: 123 packages can be upgraded. Run 'apt list --upgradable' to see them.
    nfss: 
    nfss: WARNING: apt does not have a stable CLI interface. Use with caution in scripts.
    nfss: 
    nfss: Reading package lists...
    nfss: Building dependency tree...
    nfss: Reading state information...
    nfss: The following additional packages will be installed:
    nfss:   keyutils libnfsidmap1 nfs-common rpcbind
    nfss: Suggested packages:
    nfss:   watchdog
    nfss: The following NEW packages will be installed:
    nfss:   keyutils libnfsidmap1 nfs-common nfs-kernel-server rpcbind
    nfss: 0 upgraded, 5 newly installed, 0 to remove and 123 not upgraded.
    nfss: Need to get 521 kB of archives.
    nfss: After this operation, 1,973 kB of additional disk space will be used.
    nfss: Get:1 http://us.archive.ubuntu.com/ubuntu jammy-updates/main amd64 libnfsidmap1 amd64 1:2.6.1-1ubuntu1.2 [42.9 kB]
    nfss: Get:2 http://us.archive.ubuntu.com/ubuntu jammy/main amd64 rpcbind amd64 1.2.6-2build1 [46.6 kB]
    nfss: Get:3 http://us.archive.ubuntu.com/ubuntu jammy/main amd64 keyutils amd64 1.6.1-2ubuntu3 [50.4 kB]
    nfss: Get:4 http://us.archive.ubuntu.com/ubuntu jammy-updates/main amd64 nfs-common amd64 1:2.6.1-1ubuntu1.2 [241 kB]
    nfss: Get:5 http://us.archive.ubuntu.com/ubuntu jammy-updates/main amd64 nfs-kernel-server amd64 1:2.6.1-1ubuntu1.2 [140 kB]
    nfss: dpkg-preconfigure: unable to re-open stdin: No such file or directory
    nfss: Fetched 521 kB in 1s (395 kB/s)
    nfss: Selecting previously unselected package libnfsidmap1:amd64.
(Reading database ... 44187 files and directories currently installed.)
    nfss: Preparing to unpack .../libnfsidmap1_1%3a2.6.1-1ubuntu1.2_amd64.deb ...
    nfss: Unpacking libnfsidmap1:amd64 (1:2.6.1-1ubuntu1.2) ...
    nfss: Selecting previously unselected package rpcbind.
    nfss: Preparing to unpack .../rpcbind_1.2.6-2build1_amd64.deb ...
    nfss: Unpacking rpcbind (1.2.6-2build1) ...
    nfss: Selecting previously unselected package keyutils.
    nfss: Preparing to unpack .../keyutils_1.6.1-2ubuntu3_amd64.deb ...
    nfss: Unpacking keyutils (1.6.1-2ubuntu3) ...
    nfss: Selecting previously unselected package nfs-common.
    nfss: Preparing to unpack .../nfs-common_1%3a2.6.1-1ubuntu1.2_amd64.deb ...
    nfss: Unpacking nfs-common (1:2.6.1-1ubuntu1.2) ...
    nfss: Selecting previously unselected package nfs-kernel-server.
    nfss: Preparing to unpack .../nfs-kernel-server_1%3a2.6.1-1ubuntu1.2_amd64.deb ...
    nfss: Unpacking nfs-kernel-server (1:2.6.1-1ubuntu1.2) ...
    nfss: Setting up libnfsidmap1:amd64 (1:2.6.1-1ubuntu1.2) ...
    nfss: Setting up rpcbind (1.2.6-2build1) ...
    nfss: Created symlink /etc/systemd/system/multi-user.target.wants/rpcbind.service → /lib/systemd/system/rpcbind.service.
    nfss: Created symlink /etc/systemd/system/sockets.target.wants/rpcbind.socket → /lib/systemd/system/rpcbind.socket.
    nfss: Setting up keyutils (1.6.1-2ubuntu3) ...
    nfss: Setting up nfs-common (1:2.6.1-1ubuntu1.2) ...
    nfss: 
    nfss: Creating config file /etc/idmapd.conf with new version
    nfss: 
    nfss: Creating config file /etc/nfs.conf with new version
    nfss: Adding system user `statd' (UID 115) ...
    nfss: Adding new user `statd' (UID 115) with group `nogroup' ...
    nfss: Not creating home directory `/var/lib/nfs'.
    nfss: Created symlink /etc/systemd/system/multi-user.target.wants/nfs-client.target → /lib/systemd/system/nfs-client.target.
    nfss: Created symlink /etc/systemd/system/remote-fs.target.wants/nfs-client.target → /lib/systemd/system/nfs-client.target.
    nfss: auth-rpcgss-module.service is a disabled or a static unit, not starting it.
    nfss: nfs-idmapd.service is a disabled or a static unit, not starting it.
    nfss: nfs-utils.service is a disabled or a static unit, not starting it.
    nfss: proc-fs-nfsd.mount is a disabled or a static unit, not starting it.
    nfss: rpc-gssd.service is a disabled or a static unit, not starting it.
    nfss: rpc-statd-notify.service is a disabled or a static unit, not starting it.
    nfss: rpc-statd.service is a disabled or a static unit, not starting it.
    nfss: rpc-svcgssd.service is a disabled or a static unit, not starting it.
    nfss: rpc_pipefs.target is a disabled or a static unit, not starting it.
    nfss: var-lib-nfs-rpc_pipefs.mount is a disabled or a static unit, not starting it.
    nfss: Setting up nfs-kernel-server (1:2.6.1-1ubuntu1.2) ...
    nfss: Created symlink /etc/systemd/system/nfs-client.target.wants/nfs-blkmap.service → /lib/systemd/system/nfs-blkmap.service.
    nfss: Created symlink /etc/systemd/system/multi-user.target.wants/nfs-server.service → /lib/systemd/system/nfs-server.service.
    nfss: nfs-mountd.service is a disabled or a static unit, not starting it.
    nfss: nfsdcld.service is a disabled or a static unit, not starting it.
    nfss: 
    nfss: Creating config file /etc/exports with new version
    nfss: 
    nfss: Creating config file /etc/default/nfs-kernel-server with new version
    nfss: Processing triggers for man-db (2.10.2-1) ...
    nfss: Processing triggers for libc-bin (2.35-0ubuntu3.1) ...
    nfss: 
    nfss: Running kernel seems to be up-to-date.
    nfss: 
    nfss: No services need to be restarted.
    nfss: 
    nfss: No containers need to be restarted.
    nfss: 
    nfss: No user sessions are running outdated binaries.
    nfss: 
    nfss: No VM guests are running outdated hypervisor (qemu) binaries on this host.
    nfss: Command may disrupt existing ssh connections. Proceed with operation (y|n)? Firewall is active and enabled on system startup
    nfss: Rule added
    nfss: Rule added (v6)
    nfss: Rule added
    nfss: Rule added
    nfss: Rule added
    nfss: Rule added
==> nfsc: Importing base box 'bento/ubuntu-22.04'...
==> nfsc: Matching MAC address for NAT networking...
==> nfsc: Checking if box 'bento/ubuntu-22.04' version '202303.13.0' is up to date...
==> nfsc: Setting the name of the VM: 06_nfs_fuse_nfsc_1692565365006_93532
==> nfsc: Fixed port collision for 22 => 2222. Now on port 2200.
==> nfsc: Clearing any previously set network interfaces...
==> nfsc: Preparing network interfaces based on configuration...
    nfsc: Adapter 1: nat
    nfsc: Adapter 2: intnet
==> nfsc: Forwarding ports...
    nfsc: 22 (guest) => 2200 (host) (adapter 1)
==> nfsc: Running 'pre-boot' VM customizations...
==> nfsc: Booting VM...
==> nfsc: Waiting for machine to boot. This may take a few minutes...
    nfsc: SSH address: 127.0.0.1:2200
    nfsc: SSH username: vagrant
    nfsc: SSH auth method: private key
    nfsc: Warning: Connection reset. Retrying...
    nfsc: 
    nfsc: Vagrant insecure key detected. Vagrant will automatically replace
    nfsc: this with a newly generated keypair for better security.
    nfsc: 
    nfsc: Inserting generated public key within guest...
    nfsc: Removing insecure key from the guest if it's present...
    nfsc: Key inserted! Disconnecting and reconnecting using new SSH key...
==> nfsc: Machine booted and ready!
==> nfsc: Setting hostname...
==> nfsc: Configuring and enabling network interfaces...
==> nfsc: Running provisioner: shell...
    nfsc: Running: /var/folders/h5/zrw9d_2s5pz_2qhzmq92cjjc0000gp/T/vagrant-shell20230821-9393-bfegnm.sh
    nfsc: 
    nfsc: WARNING: apt does not have a stable CLI interface. Use with caution in scripts.
    nfsc: 
    nfsc: Hit:1 http://us.archive.ubuntu.com/ubuntu jammy InRelease
    nfsc: Get:2 http://us.archive.ubuntu.com/ubuntu jammy-updates InRelease [119 kB]
    nfsc: Get:3 http://us.archive.ubuntu.com/ubuntu jammy-backports InRelease [109 kB]
    nfsc: Get:4 http://us.archive.ubuntu.com/ubuntu jammy-security InRelease [110 kB]
    nfsc: Get:5 http://us.archive.ubuntu.com/ubuntu jammy-updates/main amd64 Packages [894 kB]
    nfsc: Get:6 http://us.archive.ubuntu.com/ubuntu jammy-updates/main Translation-en [214 kB]
    nfsc: Get:7 http://us.archive.ubuntu.com/ubuntu jammy-updates/restricted amd64 Packages [714 kB]
    nfsc: Get:8 http://us.archive.ubuntu.com/ubuntu jammy-updates/restricted Translation-en [114 kB]
    nfsc: Get:9 http://us.archive.ubuntu.com/ubuntu jammy-updates/universe amd64 Packages [969 kB]
    nfsc: Get:10 http://us.archive.ubuntu.com/ubuntu jammy-updates/universe Translation-en [211 kB]
    nfsc: Get:11 http://us.archive.ubuntu.com/ubuntu jammy-updates/multiverse amd64 Packages [41.6 kB]
    nfsc: Get:12 http://us.archive.ubuntu.com/ubuntu jammy-updates/multiverse Translation-en [9,768 B]
    nfsc: Get:13 http://us.archive.ubuntu.com/ubuntu jammy-backports/main amd64 Packages [40.8 kB]
    nfsc: Get:14 http://us.archive.ubuntu.com/ubuntu jammy-backports/main Translation-en [10.2 kB]
    nfsc: Get:15 http://us.archive.ubuntu.com/ubuntu jammy-backports/universe amd64 Packages [22.3 kB]
    nfsc: Get:16 http://us.archive.ubuntu.com/ubuntu jammy-backports/universe Translation-en [15.4 kB]
    nfsc: Get:17 http://us.archive.ubuntu.com/ubuntu jammy-security/main amd64 Packages [680 kB]
    nfsc: Get:18 http://us.archive.ubuntu.com/ubuntu jammy-security/main Translation-en [155 kB]
    nfsc: Get:19 http://us.archive.ubuntu.com/ubuntu jammy-security/restricted amd64 Packages [694 kB]
    nfsc: Get:20 http://us.archive.ubuntu.com/ubuntu jammy-security/restricted Translation-en [110 kB]
    nfsc: Get:21 http://us.archive.ubuntu.com/ubuntu jammy-security/universe amd64 Packages [770 kB]
    nfsc: Get:22 http://us.archive.ubuntu.com/ubuntu jammy-security/universe Translation-en [140 kB]
    nfsc: Get:23 http://us.archive.ubuntu.com/ubuntu jammy-security/multiverse amd64 Packages [36.5 kB]
    nfsc: Get:24 http://us.archive.ubuntu.com/ubuntu jammy-security/multiverse Translation-en [7,060 B]
    nfsc: Fetched 6,187 kB in 6s (988 kB/s)
    nfsc: Reading package lists...
    nfsc: Building dependency tree...
    nfsc: Reading state information...
    nfsc: 123 packages can be upgraded. Run 'apt list --upgradable' to see them.
    nfsc: 
    nfsc: WARNING: apt does not have a stable CLI interface. Use with caution in scripts.
    nfsc: 
    nfsc: Reading package lists...
    nfsc: Building dependency tree...
    nfsc: Reading state information...
    nfsc: The following additional packages will be installed:
    nfsc:   keyutils libnfsidmap1 rpcbind
    nfsc: Suggested packages:
    nfsc:   watchdog
    nfsc: The following NEW packages will be installed:
    nfsc:   keyutils libnfsidmap1 nfs-common rpcbind
    nfsc: 0 upgraded, 4 newly installed, 0 to remove and 123 not upgraded.
    nfsc: Need to get 381 kB of archives.
    nfsc: After this operation, 1,447 kB of additional disk space will be used.
    nfsc: Get:1 http://us.archive.ubuntu.com/ubuntu jammy-updates/main amd64 libnfsidmap1 amd64 1:2.6.1-1ubuntu1.2 [42.9 kB]
    nfsc: Get:2 http://us.archive.ubuntu.com/ubuntu jammy/main amd64 rpcbind amd64 1.2.6-2build1 [46.6 kB]
    nfsc: Get:3 http://us.archive.ubuntu.com/ubuntu jammy/main amd64 keyutils amd64 1.6.1-2ubuntu3 [50.4 kB]
    nfsc: Get:4 http://us.archive.ubuntu.com/ubuntu jammy-updates/main amd64 nfs-common amd64 1:2.6.1-1ubuntu1.2 [241 kB]
    nfsc: dpkg-preconfigure: unable to re-open stdin: No such file or directory
    nfsc: Fetched 381 kB in 1s (299 kB/s)
    nfsc: Selecting previously unselected package libnfsidmap1:amd64.
(Reading database ... 44187 files and directories currently installed.)
    nfsc: Preparing to unpack .../libnfsidmap1_1%3a2.6.1-1ubuntu1.2_amd64.deb ...
    nfsc: Unpacking libnfsidmap1:amd64 (1:2.6.1-1ubuntu1.2) ...
    nfsc: Selecting previously unselected package rpcbind.
    nfsc: Preparing to unpack .../rpcbind_1.2.6-2build1_amd64.deb ...
    nfsc: Unpacking rpcbind (1.2.6-2build1) ...
    nfsc: Selecting previously unselected package keyutils.
    nfsc: Preparing to unpack .../keyutils_1.6.1-2ubuntu3_amd64.deb ...
    nfsc: Unpacking keyutils (1.6.1-2ubuntu3) ...
    nfsc: Selecting previously unselected package nfs-common.
    nfsc: Preparing to unpack .../nfs-common_1%3a2.6.1-1ubuntu1.2_amd64.deb ...
    nfsc: Unpacking nfs-common (1:2.6.1-1ubuntu1.2) ...
    nfsc: Setting up libnfsidmap1:amd64 (1:2.6.1-1ubuntu1.2) ...
    nfsc: Setting up rpcbind (1.2.6-2build1) ...
    nfsc: Created symlink /etc/systemd/system/multi-user.target.wants/rpcbind.service → /lib/systemd/system/rpcbind.service.
    nfsc: Created symlink /etc/systemd/system/sockets.target.wants/rpcbind.socket → /lib/systemd/system/rpcbind.socket.
    nfsc: Setting up keyutils (1.6.1-2ubuntu3) ...
    nfsc: Setting up nfs-common (1:2.6.1-1ubuntu1.2) ...
    nfsc: 
    nfsc: Creating config file /etc/idmapd.conf with new version
    nfsc: 
    nfsc: Creating config file /etc/nfs.conf with new version
    nfsc: Adding system user `statd' (UID 115) ...
    nfsc: Adding new user `statd' (UID 115) with group `nogroup' ...
    nfsc: Not creating home directory `/var/lib/nfs'.
    nfsc: Created symlink /etc/systemd/system/multi-user.target.wants/nfs-client.target → /lib/systemd/system/nfs-client.target.
    nfsc: Created symlink /etc/systemd/system/remote-fs.target.wants/nfs-client.target → /lib/systemd/system/nfs-client.target.
    nfsc: auth-rpcgss-module.service is a disabled or a static unit, not starting it.
    nfsc: nfs-idmapd.service is a disabled or a static unit, not starting it.
    nfsc: nfs-utils.service is a disabled or a static unit, not starting it.
    nfsc: proc-fs-nfsd.mount is a disabled or a static unit, not starting it.
    nfsc: rpc-gssd.service is a disabled or a static unit, not starting it.
    nfsc: rpc-statd-notify.service is a disabled or a static unit, not starting it.
    nfsc: rpc-statd.service is a disabled or a static unit, not starting it.
    nfsc: rpc-svcgssd.service is a disabled or a static unit, not starting it.
    nfsc: rpc_pipefs.target is a disabled or a static unit, not starting it.
    nfsc: var-lib-nfs-rpc_pipefs.mount is a disabled or a static unit, not starting it.
    nfsc: Processing triggers for man-db (2.10.2-1) ...
    nfsc: Processing triggers for libc-bin (2.35-0ubuntu3.1) ...
    nfsc: 
    nfsc: Running kernel seems to be up-to-date.
    nfsc: 
    nfsc: No services need to be restarted.
    nfsc: 
    nfsc: No containers need to be restarted.
    nfsc: 
    nfsc: No user sessions are running outdated binaries.
    nfsc: 
    nfsc: No VM guests are running outdated hypervisor (qemu) binaries on this host.
    nfsc: Command may disrupt existing ssh connections. Proceed with operation (y|n)? Firewall is active and enabled on system startup
    nfsc: Rule added
    nfsc: Rule added (v6)
