Welcome to Ubuntu 22.04.2 LTS (GNU/Linux 5.15.0-67-generic x86_64)

 * Documentation:  https://help.ubuntu.com
 * Management:     https://landscape.canonical.com
 * Support:        https://ubuntu.com/advantage

  System information as of Sun Aug 20 09:06:59 PM UTC 2023

  System load:  0.19580078125      Processes:             152
  Usage of /:   12.3% of 30.34GB   Users logged in:       0
  Memory usage: 26%                IPv4 address for eth0: 10.0.2.15
  Swap usage:   0%                 IPv4 address for eth1: 192.168.50.10


This system is built by the Bento project by Chef Software
More information can be found at https://github.com/chef/bento
vagrant@nfss:~$ 
vagrant@nfss:~$ 
vagrant@nfss:~$ touch /srv/upload/test.txt
vagrant@nfss:~$ 
vagrant@nfss:~$ 
vagrant@nfss:~$ ls -l /srv/upload/
total 0
-rw-rw-r-- 1 vagrant vagrant 0 Aug 20 21:07 test.txt
vagrant@nfss:~$ 
vagrant@nfss:~$ 
