pandora@box 02_raid % vagrant up        
Bringing machine 'raid' up with 'virtualbox' provider...
==> raid: Importing base box 'bento/ubuntu-22.04'...
==> raid: Matching MAC address for NAT networking...
==> raid: Checking if box 'bento/ubuntu-22.04' version '202303.13.0' is up to date...
==> raid: Setting the name of the VM: 02_raid_raid_1684245670030_58818
==> raid: Clearing any previously set network interfaces...
==> raid: Preparing network interfaces based on configuration...
    raid: Adapter 1: nat
==> raid: Forwarding ports...
    raid: 22 (guest) => 2222 (host) (adapter 1)
==> raid: Running 'pre-boot' VM customizations...
==> raid: Booting VM...
==> raid: Waiting for machine to boot. This may take a few minutes...
    raid: SSH address: 127.0.0.1:2222
    raid: SSH username: vagrant
    raid: SSH auth method: private key
    raid: Warning: Connection reset. Retrying...
    raid: Warning: Remote connection disconnect. Retrying...
    raid: 
    raid: Vagrant insecure key detected. Vagrant will automatically replace
    raid: this with a newly generated keypair for better security.
    raid: 
    raid: Inserting generated public key within guest...
    raid: Removing insecure key from the guest if it's present...
    raid: Key inserted! Disconnecting and reconnecting using new SSH key...
==> raid: Machine booted and ready!
==> raid: Checking for guest additions in VM...
==> raid: Setting hostname...
==> raid: Mounting shared folders...
    raid: /vagrant => /Users/pandora/Documents/otus/git/otus/02_raid
==> raid: Running provisioner: shell...
    raid: Running: inline script
    raid: Creating RAID 10 with 4 drives
    raid: /0/100/d/0.0.0    /dev/sda   disk       68GB VBOX HARDDISK
    raid: /0/100/16/0.0.0   /dev/sdb   disk       262MB HARDDISK
    raid: /0/100/16/0.1.0   /dev/sdc   disk       262MB HARDDISK
    raid: /0/100/16/0.2.0   /dev/sdd   disk       262MB HARDDISK
    raid: /0/100/16/0.3.0   /dev/sde   disk       262MB HARDDISK
    raid: /0/100/16/0.4.0   /dev/sdf   disk       262MB HARDDISK
    raid: start creating RAID...
    raid: mdadm: Defaulting to version 1.2 metadata
    raid: mdadm: array /dev/md/md127 started.
    raid: RAID information
    raid: /dev/md127:
    raid:            Version : 1.2
    raid:      Creation Time : Tue May 16 14:02:10 2023
    raid:         Raid Level : raid10
    raid:         Array Size : 507904 (496.00 MiB 520.09 MB)
    raid:      Used Dev Size : 253952 (248.00 MiB 260.05 MB)
    raid:       Raid Devices : 4
    raid:      Total Devices : 4
    raid:        Persistence : Superblock is persistent
    raid: 
    raid:        Update Time : Tue May 16 14:02:12 2023
    raid:              State : clean
    raid:     Active Devices : 4
    raid:    Working Devices : 4
    raid:     Failed Devices : 0
    raid:      Spare Devices : 0
    raid: 
    raid:             Layout : near=2
    raid:         Chunk Size : 512K
    raid: 
    raid: Consistency Policy : resync
    raid: 
    raid:               Name : raid:md127  (local to host raid)
    raid:               UUID : 8a98815b:32e52ee3:eedf9a31:073a3559
    raid:             Events : 17
    raid: 
    raid:     Number   Major   Minor   RaidDevice State
    raid:        0       8       16        0      active sync set-A   /dev/sdb
    raid:        1       8       32        1      active sync set-B   /dev/sdc
    raid:        2       8       48        2      active sync set-A   /dev/sdd
    raid:        3       8       64        3      active sync set-B   /dev/sde
    raid: Creating EXT4 on RAID...
    raid: mke2fs 1.46.5 (30-Dec-2021)
    raid: Creating filesystem with 126976 4k blocks and 126976 inodes
    raid: Filesystem UUID: 6223baa2-ce22-4046-81a7-9e3e1cf89f7d
    raid: Superblock backups stored on blocks:
    raid: 	32768, 98304
    raid: 
    raid: Allocating group tables: done
    raid: Writing inode tables: done
    raid: Creating journal (4096 blocks): done
    raid: Writing superblocks and filesystem accounting information: done
    raid: 
    raid: Mounting RAID in /mnt/raid...
    raid: filling RAID with data...

