Bringing machine 'kernel-update' up with 'virtualbox' provider...
==> kernel-update: Importing base box 'generic/centos8'...
==> kernel-update: Matching MAC address for NAT networking...
==> kernel-update: Checking if box 'generic/centos8' version '4.2.16' is up to date...
==> kernel-update: Setting the name of the VM: centos_kernel-update_1682965350725_34973
==> kernel-update: Clearing any previously set network interfaces...
==> kernel-update: Preparing network interfaces based on configuration...
    kernel-update: Adapter 1: nat
==> kernel-update: Forwarding ports...
    kernel-update: 22 (guest) => 2222 (host) (adapter 1)
==> kernel-update: Running 'pre-boot' VM customizations...
==> kernel-update: Booting VM...
==> kernel-update: Waiting for machine to boot. This may take a few minutes...
    kernel-update: SSH address: 127.0.0.1:2222
    kernel-update: SSH username: vagrant
    kernel-update: SSH auth method: private key
    kernel-update: 
    kernel-update: Vagrant insecure key detected. Vagrant will automatically replace
    kernel-update: this with a newly generated keypair for better security.
    kernel-update: 
    kernel-update: Inserting generated public key within guest...
    kernel-update: Removing insecure key from the guest if it's present...
    kernel-update: Key inserted! Disconnecting and reconnecting using new SSH key...
==> kernel-update: Machine booted and ready!
==> kernel-update: Checking for guest additions in VM...
    kernel-update: The guest additions on this VM do not match the installed version of
    kernel-update: VirtualBox! In most cases this is fine, but in rare cases it can
    kernel-update: prevent things such as shared folders from working properly. If you see
    kernel-update: shared folder errors, please make sure the guest additions within the
    kernel-update: virtual machine match the version of VirtualBox you have installed on
    kernel-update: your host and reload your VM.
    kernel-update: 
    kernel-update: Guest Additions Version: 6.1.30
    kernel-update: VirtualBox Version: 7.0
==> kernel-update: Setting hostname...
==> kernel-update: Running provisioner: shell...
    kernel-update: Running: inline script
    kernel-update: CentOS Linux 8 - AppStream                      4.6 MB/s | 8.4 MB     00:01
    kernel-update: CentOS Linux 8 - BaseOS                         6.1 MB/s | 4.6 MB     00:00
    kernel-update: CentOS Linux 8 - Extras                          48 kB/s |  10 kB     00:00
    kernel-update: Extra Packages for Enterprise Linux 8 - x86_64  4.8 MB/s |  14 MB     00:02
    kernel-update: elrepo-release-8.el8.elrepo.noarch.rpm          7.7 kB/s |  13 kB     00:01
    kernel-update: Dependencies resolved.
    kernel-update: ================================================================================
    kernel-update:  Package             Arch        Version                Repository         Size
    kernel-update: ================================================================================
    kernel-update: Installing:
    kernel-update:  elrepo-release      noarch      8.3-1.el8.elrepo       @commandline       13 k
    kernel-update: 
    kernel-update: Transaction Summary
    kernel-update: ================================================================================
    kernel-update: Install  1 Package
    kernel-update: 
    kernel-update: Total size: 13 k
    kernel-update: Installed size: 5.0 k
    kernel-update: Downloading Packages:
    kernel-update: Running transaction check
    kernel-update: Transaction check succeeded.
    kernel-update: Running transaction test
    kernel-update: Transaction test succeeded.
    kernel-update: Running transaction
    kernel-update:   Preparing        :                                                        1/1
    kernel-update:   Installing       : elrepo-release-8.3-1.el8.elrepo.noarch                 1/1
    kernel-update:   Verifying        : elrepo-release-8.3-1.el8.elrepo.noarch                 1/1
    kernel-update: 
    kernel-update: Installed:
    kernel-update:   elrepo-release-8.3-1.el8.elrepo.noarch
    kernel-update: 
    kernel-update: Complete!
    kernel-update: ELRepo.org Community Enterprise Linux Repositor 176 kB/s | 248 kB     00:01
    kernel-update: ELRepo.org Community Enterprise Linux Kernel Re 1.7 MB/s | 2.1 MB     00:01
    kernel-update: Dependencies resolved.
    kernel-update: ================================================================================
    kernel-update:  Package              Arch      Version                  Repository        Size
    kernel-update: ================================================================================
    kernel-update: Installing:
    kernel-update:  kernel-ml            x86_64    6.3.1-1.el8.elrepo       elrepo-kernel    110 k
    kernel-update: Installing dependencies:
    kernel-update:  kernel-ml-core       x86_64    6.3.1-1.el8.elrepo       elrepo-kernel     56 M
    kernel-update:  kernel-ml-modules    x86_64    6.3.1-1.el8.elrepo       elrepo-kernel     58 M
    kernel-update: 
    kernel-update: Transaction Summary
    kernel-update: ================================================================================
    kernel-update: Install  3 Packages
    kernel-update: 
    kernel-update: Total download size: 114 M
    kernel-update: Installed size: 156 M
    kernel-update: Downloading Packages:
    kernel-update: (1/3): kernel-ml-6.3.1-1.el8.elrepo.x86_64.rpm  154 kB/s | 110 kB     00:00
    kernel-update: (2/3): kernel-ml-modules-6.3.1-1.el8.elrepo.x86 2.9 MB/s |  58 MB     00:19
    kernel-update: (3/3): kernel-ml-core-6.3.1-1.el8.elrepo.x86_64 2.0 MB/s |  56 MB     00:28
    kernel-update: --------------------------------------------------------------------------------
    kernel-update: Total                                           4.0 MB/s | 114 MB     00:28
    kernel-update: ELRepo.org Community Enterprise Linux Kernel Re 1.6 MB/s | 1.7 kB     00:00
    kernel-update: Importing GPG key 0xBAADAE52:
    kernel-update:  Userid     : "elrepo.org (RPM Signing Key for elrepo.org) <secure@elrepo.org>"
    kernel-update:  Fingerprint: 96C0 104F 6315 4731 1E0B B1AE 309B C305 BAAD AE52
    kernel-update:  From       : /etc/pki/rpm-gpg/RPM-GPG-KEY-elrepo.org
    kernel-update: Key imported successfully
    kernel-update: Running transaction check
    kernel-update: Transaction check succeeded.
    kernel-update: Running transaction test
    kernel-update: Transaction test succeeded.
    kernel-update: Running transaction
    kernel-update:   Preparing        :                                                        1/1
    kernel-update:   Installing       : kernel-ml-core-6.3.1-1.el8.elrepo.x86_64               1/3
    kernel-update:   Running scriptlet: kernel-ml-core-6.3.1-1.el8.elrepo.x86_64               1/3
    kernel-update:   Installing       : kernel-ml-modules-6.3.1-1.el8.elrepo.x86_64            2/3
    kernel-update:   Running scriptlet: kernel-ml-modules-6.3.1-1.el8.elrepo.x86_64            2/3
    kernel-update:   Installing       : kernel-ml-6.3.1-1.el8.elrepo.x86_64                    3/3
    kernel-update:   Running scriptlet: kernel-ml-core-6.3.1-1.el8.elrepo.x86_64               3/3
    kernel-update:   Running scriptlet: kernel-ml-6.3.1-1.el8.elrepo.x86_64                    3/3
    kernel-update:   Verifying        : kernel-ml-6.3.1-1.el8.elrepo.x86_64                    1/3
    kernel-update:   Verifying        : kernel-ml-core-6.3.1-1.el8.elrepo.x86_64               2/3
    kernel-update:   Verifying        : kernel-ml-modules-6.3.1-1.el8.elrepo.x86_64            3/3
    kernel-update: 
    kernel-update: Installed:
    kernel-update:   kernel-ml-6.3.1-1.el8.elrepo.x86_64
    kernel-update:   kernel-ml-core-6.3.1-1.el8.elrepo.x86_64
    kernel-update:   kernel-ml-modules-6.3.1-1.el8.elrepo.x86_64
    kernel-update: 
    kernel-update: Complete!
